fn: /data/source/findingAids/nnc-rb/ldpd_4079404_ead.xml
Recoverable error on line 112 of fix_url.xsl:
  FODC0002: I/O error reported by XML parser processing
  file:/data/source/findingAids/nnc-rb/ldpd_4079404_ead.xml:
  /data/source/findingAids/nnc-rb/ldpd_4079404_ead.xml (No such file or directory)
fn: /data/source/findingAids/nnc-rb/ldpd_4078396_ead.xml
Recoverable error on line 112 of fix_url.xsl:
  FODC0002: I/O error reported by XML parser processing
  file:/data/source/findingAids/nnc-rb/ldpd_4078396_ead.xml:
  /data/source/findingAids/nnc-rb/ldpd_4078396_ead.xml (No such file or directory)
fn: /data/source/findingAids/nnc-rb/ldpd_4078801_ead.xml
Recoverable error on line 112 of fix_url.xsl:
  FODC0002: I/O error reported by XML parser processing
  file:/data/source/findingAids/nnc-rb/ldpd_4078801_ead.xml:
  /data/source/findingAids/nnc-rb/ldpd_4078801_ead.xml (No such file or directory)
fn: /data/source/findingAids/nnc-rb/ldpd_6912690_ead.xml
Recoverable error on line 112 of fix_url.xsl:
  FODC0002: I/O error reported by XML parser processing
  file:/data/source/findingAids/nnc-rb/ldpd_6912690_ead.xml:
  /data/source/findingAids/nnc-rb/ldpd_6912690_ead.xml (No such file or directory)
fn: /data/source/findingAids/nnc-rb/ldpd_7072761_ead.xml
Recoverable error on line 112 of fix_url.xsl:
  FODC0002: I/O error reported by XML parser processing
  file:/data/source/findingAids/nnc-rb/ldpd_7072761_ead.xml:
  /data/source/findingAids/nnc-rb/ldpd_7072761_ead.xml (No such file or directory)
fn: /data/source/findingAids/nnc-rb/ldpd_5541450_ead.xml
Recoverable error on line 112 of fix_url.xsl:
  FODC0002: I/O error reported by XML parser processing
  file:/data/source/findingAids/nnc-rb/ldpd_5541450_ead.xml:
  /data/source/findingAids/nnc-rb/ldpd_5541450_ead.xml (No such file or directory)
fn: /data/source/findingAids/nnc-rb/ldpd_5477062_ead.xml
Recoverable error on line 112 of fix_url.xsl:
  FODC0002: I/O error reported by XML parser processing
  file:/data/source/findingAids/nnc-rb/ldpd_5477062_ead.xml:
  /data/source/findingAids/nnc-rb/ldpd_5477062_ead.xml (No such file or directory)
fn: /data/source/findingAids/nnc-rb/ldpd_4078831_ead.xml
Recoverable error on line 112 of fix_url.xsl:
  FODC0002: I/O error reported by XML parser processing
  file:/data/source/findingAids/nnc-rb/ldpd_4078831_ead.xml:
  /data/source/findingAids/nnc-rb/ldpd_4078831_ead.xml (No such file or directory)
fn: /data/source/findingAids/nnc-rb/ldpd_4078771_ead.xml
Recoverable error on line 112 of fix_url.xsl:
  FODC0002: I/O error reported by XML parser processing
  file:/data/source/findingAids/nnc-rb/ldpd_4078771_ead.xml:
  /data/source/findingAids/nnc-rb/ldpd_4078771_ead.xml (No such file or directory)
fn: /data/source/findingAids/nnc-rb/ldpd_4078414_ead.xml
Recoverable error on line 112 of fix_url.xsl:
  FODC0002: I/O error reported by XML parser processing
  file:/data/source/findingAids/nnc-rb/ldpd_4078414_ead.xml:
  /data/source/findingAids/nnc-rb/ldpd_4078414_ead.xml (No such file or directory)
fn: /data/source/findingAids/nnc-rb/ldpd_4078707_ead.xml
Recoverable error on line 112 of fix_url.xsl:
  FODC0002: I/O error reported by XML parser processing
  file:/data/source/findingAids/nnc-rb/ldpd_4078707_ead.xml:
  /data/source/findingAids/nnc-rb/ldpd_4078707_ead.xml (No such file or directory)
fn: /data/source/findingAids/nnc-rb/ldpd_4079108_ead.xml
Recoverable error on line 112 of fix_url.xsl:
  FODC0002: I/O error reported by XML parser processing
  file:/data/source/findingAids/nnc-rb/ldpd_4079108_ead.xml:
  /data/source/findingAids/nnc-rb/ldpd_4079108_ead.xml (No such file or directory)
fn: /data/source/findingAids/nnc-rb/ldpd_4078569_ead.xml
Recoverable error on line 112 of fix_url.xsl:
  FODC0002: I/O error reported by XML parser processing
  file:/data/source/findingAids/nnc-rb/ldpd_4078569_ead.xml:
  /data/source/findingAids/nnc-rb/ldpd_4078569_ead.xml (No such file or directory)
fn: /data/source/findingAids/nnc-rb/ldpd_4079912_ead.xml
Recoverable error on line 112 of fix_url.xsl:
  FODC0002: I/O error reported by XML parser processing
  file:/data/source/findingAids/nnc-rb/ldpd_4079912_ead.xml:
  /data/source/findingAids/nnc-rb/ldpd_4079912_ead.xml (No such file or directory)
fn: /data/source/findingAids/nnc-rb/ldpd_9207262_ead.xml
Recoverable error on line 112 of fix_url.xsl:
  FODC0002: I/O error reported by XML parser processing
  file:/data/source/findingAids/nnc-rb/ldpd_9207262_ead.xml:
  /data/source/findingAids/nnc-rb/ldpd_9207262_ead.xml (No such file or directory)
fn: /data/source/findingAids/nnc-rb/ldpd_6484240_ead.xml
Recoverable error on line 112 of fix_url.xsl:
  FODC0002: I/O error reported by XML parser processing
  file:/data/source/findingAids/nnc-rb/ldpd_6484240_ead.xml:
  /data/source/findingAids/nnc-rb/ldpd_6484240_ead.xml (No such file or directory)
fn: /data/source/findingAids/nnc-rb/ldpd_4079517_ead.xml
Recoverable error on line 112 of fix_url.xsl:
  FODC0002: I/O error reported by XML parser processing
  file:/data/source/findingAids/nnc-rb/ldpd_4079517_ead.xml:
  /data/source/findingAids/nnc-rb/ldpd_4079517_ead.xml (No such file or directory)
fn: /data/source/findingAids/nnc-rb/ldpd_4079760_ead.xml
Recoverable error on line 112 of fix_url.xsl:
  FODC0002: I/O error reported by XML parser processing
  file:/data/source/findingAids/nnc-rb/ldpd_4079760_ead.xml:
  /data/source/findingAids/nnc-rb/ldpd_4079760_ead.xml (No such file or directory)
fn: /data/source/findingAids/nnc-rb/ldpd_4078961_ead.xml
Recoverable error on line 112 of fix_url.xsl:
  FODC0002: I/O error reported by XML parser processing
  file:/data/source/findingAids/nnc-rb/ldpd_4078961_ead.xml:
  /data/source/findingAids/nnc-rb/ldpd_4078961_ead.xml (No such file or directory)
fn: /data/source/findingAids/nnc-rb/ldpd_7467767_ead.xml
Recoverable error on line 112 of fix_url.xsl:
  FODC0002: I/O error reported by XML parser processing
  file:/data/source/findingAids/nnc-rb/ldpd_7467767_ead.xml:
  /data/source/findingAids/nnc-rb/ldpd_7467767_ead.xml (No such file or directory)
fn: /data/source/findingAids/nnc-rb/ldpd_4079312_ead.xml
Recoverable error on line 112 of fix_url.xsl:
  FODC0002: I/O error reported by XML parser processing
  file:/data/source/findingAids/nnc-rb/ldpd_4079312_ead.xml:
  /data/source/findingAids/nnc-rb/ldpd_4079312_ead.xml (No such file or directory)
fn: /data/source/findingAids/nnc-rb/ldpd_4078548_ead.xml
Recoverable error on line 112 of fix_url.xsl:
  FODC0002: I/O error reported by XML parser processing
  file:/data/source/findingAids/nnc-rb/ldpd_4078548_ead.xml:
  /data/source/findingAids/nnc-rb/ldpd_4078548_ead.xml (No such file or directory)
fn: /data/source/findingAids/nnc-rb/ldpd_4079304_ead.xml
Recoverable error on line 112 of fix_url.xsl:
  FODC0002: I/O error reported by XML parser processing
  file:/data/source/findingAids/nnc-rb/ldpd_4079304_ead.xml:
  /data/source/findingAids/nnc-rb/ldpd_4079304_ead.xml (No such file or directory)
fn: /data/source/findingAids/nnc-rb/ldpd_4079342_ead.xml
Recoverable error on line 112 of fix_url.xsl:
  FODC0002: I/O error reported by XML parser processing
  file:/data/source/findingAids/nnc-rb/ldpd_4079342_ead.xml:
  /data/source/findingAids/nnc-rb/ldpd_4079342_ead.xml (No such file or directory)
fn: /data/source/findingAids/nnc-rb/ldpd_4078673_ead.xml
Recoverable error on line 112 of fix_url.xsl:
  FODC0002: I/O error reported by XML parser processing
  file:/data/source/findingAids/nnc-rb/ldpd_4078673_ead.xml:
  /data/source/findingAids/nnc-rb/ldpd_4078673_ead.xml (No such file or directory)
fn: /data/source/findingAids/nnc-rb/ldpd_9541811_ead.xml
Recoverable error on line 112 of fix_url.xsl:
  FODC0002: I/O error reported by XML parser processing
  file:/data/source/findingAids/nnc-rb/ldpd_9541811_ead.xml:
  /data/source/findingAids/nnc-rb/ldpd_9541811_ead.xml (No such file or directory)
No more warnings will be displayed
fn: /data/source/findingAids/nnc-rb/ldpd_4079172_ead.xml
fn: /data/source/findingAids/nnc-rb/ldpd_7269482_ead.xml
fn: /data/source/findingAids/nnc-rb/ldpd_4079615_ead.xml
fn: /data/source/findingAids/nnc-rb/ldpd_7031632_ead.xml
fn: /data/source/findingAids/nnc-rb/ldpd_4078934_ead.xml
fn: /data/source/findingAids/nnc-rb/ldpd_6761446_ead.xml
fn: /data/source/findingAids/nnc-rb/ldpd_7229539_ead.xml
fn: /data/source/findingAids/nnc-rb/ldpd_4078584_ead.xml
fn: /data/source/findingAids/nnc-rb/ldpd_5486657_ead.xml
fn: /data/source/findingAids/nnc-rb/ldpd_4078723_ead.xml
fn: /data/source/findingAids/nnc-rb/ldpd_4079179_ead.xml
fn: /data/source/findingAids/nnc-rb/ldpd_4077413_ead.xml
fn: /data/source/findingAids/nnc-rb/ldpd_4078390_ead.xml
fn: /data/source/findingAids/nnc-rb/ldpd_4078748_ead.xml
fn: /data/source/findingAids/nnc-rb/ldpd_4078815_ead.xml
fn: /data/source/findingAids/nnc-rb/ldpd_4078363_ead.xml
fn: /data/source/findingAids/nnc-rb/ldpd_5685941_ead.xml
fn: /data/source/findingAids/nnc-rb/ldpd_4079724_ead.xml
fn: /data/source/findingAids/nnc-rb/ldpd_4079761_ead.xml
fn: /data/source/findingAids/nnc-rb/ldpd_4079827_ead.xml
fn: /data/source/findingAids/nnc-rb/ldpd_4078401_ead.xml
fn: /data/source/findingAids/nnc-rb/ldpd_4078520_ead.xml
fn: /data/source/findingAids/nnc-rb/ldpd_9503889_ead.xml
fn: /data/source/findingAids/nnc-rb/ldpd_4079678_ead.xml
fn: /data/source/findingAids/nnc-rb/ldpd_4078839_ead.xml
fn: /data/source/findingAids/nnc-rb/ldpd_7932411_ead.xml
fn: /data/source/findingAids/nnc-rb/ldpd_6570018_ead.xml
fn: /data/source/findingAids/nnc-rb/ldpd_5475441_ead.xml
fn: /data/source/findingAids/nnc-rb/ldpd_5012632_ead.xml
fn: /data/source/findingAids/nnc-rb/ldpd_4078979_ead.xml
fn: /data/source/findingAids/nnc-rb/ldpd_4079089_ead.xml
fn: /data/source/findingAids/nnc-rb/ldpd_7451336_ead.xml
fn: /data/source/findingAids/nnc-rb/ldpd_4078725_ead.xml
fn: /data/source/findingAids/nnc-rb/ldpd_5455879_ead.xml
fn: /data/source/findingAids/nnc-rb/ldpd_4079288_ead.xml
fn: /data/source/findingAids/nnc-rb/ldpd_7268954_ead.xml
fn: /data/source/findingAids/nnc-rb/ldpd_4078978_ead.xml
fn: /data/source/findingAids/nnc-rb/ldpd_9135518_ead.xml
fn: /data/source/findingAids/nnc-rb/ldpd_4079117_ead.xml
fn: /data/source/findingAids/nnc-rb/ldpd_4079575_ead.xml
fn: /data/source/findingAids/nnc-rb/ldpd_4078552_ead.xml
fn: /data/source/findingAids/nnc-rb/ldpd_4079407_ead.xml
fn: /data/source/findingAids/nnc-rb/ldpd_9461817_ead.xml
fn: /data/source/findingAids/nnc-rb/ldpd_4079748_ead.xml
fn: /data/source/findingAids/nnc-rb/ldpd_4078876_ead.xml
fn: /data/source/findingAids/nnc-rb/ldpd_4078871_ead.xml
fn: /data/source/findingAids/nnc-rb/ldpd_6909801_ead.xml
fn: /data/source/findingAids/nnc-rb/ldpd_4079363_ead.xml
fn: /data/source/findingAids/nnc-rb/ldpd_9180164_ead.xml
fn: /data/source/findingAids/nnc-rb/ldpd_6062290_ead.xml
fn: /data/source/findingAids/nnc-rb/ldpd_4079624_ead.xml
fn: /data/source/findingAids/nnc-rb/ldpd_4079114_ead.xml
fn: /data/source/findingAids/nnc-rb/ldpd_5419251_ead.xml
fn: /data/source/findingAids/nnc-rb/ldpd_4078665_ead.xml
fn: /data/source/findingAids/nnc-rb/ldpd_4078595_ead.xml
fn: /data/source/findingAids/nnc-rb/ldpd_4079640_ead.xml
fn: /data/source/findingAids/nnc-rb/ldpd_4078364_ead.xml
fn: /data/source/findingAids/nnc-rb/ldpd_4078415_ead.xml
fn: /data/source/findingAids/nnc-rb/ldpd_4078629_ead.xml
fn: /data/source/findingAids/nnc-rb/ldpd_9007821_ead.xml
fn: /data/source/findingAids/nnc-rb/ldpd_4078809_ead.xml
fn: /data/source/findingAids/nnc-rb/ldpd_5767616_ead.xml
fn: /data/source/findingAids/nnc-rb/ldpd_6915590_ead.xml
fn: /data/source/findingAids/nnc-rb/ldpd_7089617_ead.xml
fn: /data/source/findingAids/nnc-rb/ldpd_4078392_ead.xml
fn: /data/source/findingAids/nnc-rb/ldpd_4078891_ead.xml
fn: /data/source/findingAids/nnc-rb/ldpd_6460813_ead.xml
fn: /data/source/findingAids/nnc-rb/ldpd_6621199_ead.xml
fn: /data/source/findingAids/nnc-rb/ldpd_8644506_ead.xml
fn: /data/source/findingAids/nnc-rb/ldpd_5410361_ead.xml
fn: /data/source/findingAids/nnc-rb/ldpd_4078928_ead.xml
fn: /data/source/findingAids/nnc-rb/ldpd_4078755_ead.xml
fn: /data/source/findingAids/nnc-rb/ldpd_4079665_ead.xml
fn: /data/source/findingAids/nnc-rb/ldpd_7746709_ead.xml
fn: /data/source/findingAids/nnc-rb/ldpd_4079902_ead.xml
fn: /data/source/findingAids/nnc-rb/ldpd_4079582_ead.xml
fn: /data/source/findingAids/nnc-rb/ldpd_6910483_ead.xml
fn: /data/source/findingAids/nnc-rb/ldpd_4079595_ead.xml
fn: /data/source/findingAids/nnc-rb/ldpd_6797567_ead.xml
fn: /data/source/findingAids/nnc-rb/ldpd_4079913_ead.xml
fn: /data/source/findingAids/nnc-rb/ldpd_4079908_ead.xml
fn: /data/source/findingAids/nnc-rb/ldpd_4078609_ead.xml
fn: /data/source/findingAids/nnc-rb/ldpd_4079566_ead.xml
fn: /data/source/findingAids/nnc-rb/ldpd_5439898_ead.xml
fn: /data/source/findingAids/nnc-rb/ldpd_4079916_ead.xml
fn: /data/source/findingAids/nnc-rb/ldpd_4079618_ead.xml
fn: /data/source/findingAids/nnc-rb/ldpd_7299068_ead.xml
fn: /data/source/findingAids/nnc-rb/ldpd_4079419_ead.xml
fn: /data/source/findingAids/nnc-rb/ldpd_4078751_ead.xml
fn: /data/source/findingAids/nnc-rb/ldpd_4078923_ead.xml
fn: /data/source/findingAids/nnc-rb/ldpd_4079721_ead.xml
fn: /data/source/findingAids/nnc-rb/ldpd_4079160_ead.xml
fn: /data/source/findingAids/nnc-rb/ldpd_5002871_ead.xml
fn: /data/source/findingAids/nnc-rb/ldpd_4079444_ead.xml
fn: /data/source/findingAids/nnc-rb/ldpd_4079500_ead.xml
fn: /data/source/findingAids/nnc-rb/ldpd_6766907_ead.xml
fn: /data/source/findingAids/nnc-rb/ldpd_4078954_ead.xml
fn: /data/source/findingAids/nnc-rb/ldpd_4078744_ead.xml
fn: /data/source/findingAids/nnc-rb/ldpd_4078424_ead.xml
fn: /data/source/findingAids/nnc-rb/ldpd_4079157_ead.xml
fn: /data/source/findingAids/nnc-rb/ldpd_5419526_ead.xml
fn: /data/source/findingAids/nnc-rb/ldpd_4079505_ead.xml
fn: /data/source/findingAids/nnc-rb/ldpd_5801327_ead.xml
fn: /data/source/findingAids/nnc-rb/ldpd_4078845_ead.xml
fn: /data/source/findingAids/nnc-rb/ldpd_9313625_ead.xml
fn: /data/source/findingAids/nnc-rb/ldpd_4079081_ead.xml
fn: /data/source/findingAids/nnc-rb/ldpd_4079550_ead.xml
fn: /data/source/findingAids/nnc-rb/ldpd_4079011_ead.xml
fn: /data/source/findingAids/nnc-rb/ldpd_5505398_ead.xml
fn: /data/source/findingAids/nnc-rb/ldpd_4079244_ead.xml
fn: /data/source/findingAids/nnc-rb/ldpd_6915231_ead.xml
fn: /data/source/findingAids/nnc-rb/ldpd_4078472_ead.xml
fn: /data/source/findingAids/nnc-rb/ldpd_4078391_ead.xml
fn: /data/source/findingAids/nnc-rb/ldpd_8494934_ead.xml
fn: /data/source/findingAids/nnc-rb/ldpd_9189851_ead.xml
fn: /data/source/findingAids/nnc-rb/ldpd_4079532_ead.xml
fn: /data/source/findingAids/nnc-rb/ldpd_4079563_ead.xml
fn: /data/source/findingAids/nnc-rb/ldpd_4078518_ead.xml
fn: /data/source/findingAids/nnc-rb/ldpd_4079662_ead.xml
fn: /data/source/findingAids/nnc-rb/ldpd_4078357_ead.xml
fn: /data/source/findingAids/nnc-rb/ldpd_4078621_ead.xml
fn: /data/source/findingAids/nnc-rb/ldpd_4078917_ead.xml
fn: /data/source/findingAids/nnc-rb/ldpd_9070873_ead.xml
fn: /data/source/findingAids/nnc-rb/ldpd_6297800_ead.xml
fn: /data/source/findingAids/nnc-rb/ldpd_6764611_ead.xml
fn: /data/source/findingAids/nnc-rb/ldpd_4079318_ead.xml
fn: /data/source/findingAids/nnc-rb/ldpd_4079497_ead.xml
fn: /data/source/findingAids/nnc-rb/ldpd_8624918_ead.xml
fn: /data/source/findingAids/nnc-rb/ldpd_4079910_ead.xml
fn: /data/source/findingAids/nnc-rb/ldpd_4078527_ead.xml
fn: /data/source/findingAids/nnc-rb/ldpd_4079181_ead.xml
fn: /data/source/findingAids/nnc-rb/ldpd_4078517_ead.xml
fn: /data/source/findingAids/nnc-rb/ldpd_4078726_ead.xml
fn: /data/source/findingAids/nnc-rb/ldpd_4078406_ead.xml
fn: /data/source/findingAids/nnc-rb/ldpd_4079463_ead.xml
fn: /data/source/findingAids/nnc-rb/ldpd_4079854_ead.xml
fn: /data/source/findingAids/nnc-rb/ldpd_4079209_ead.xml
fn: /data/source/findingAids/nnc-rb/ldpd_4078349_ead.xml
fn: /data/source/findingAids/nnc-rb/ldpd_4079661_ead.xml
fn: /data/source/findingAids/nnc-rb/ldpd_4079655_ead.xml
fn: /data/source/findingAids/nnc-rb/ldpd_4078397_ead.xml
fn: /data/source/findingAids/nnc-rb/ldpd_6217591_ead.xml
fn: /data/source/findingAids/nnc-rb/ldpd_7351663_ead.xml
fn: /data/source/findingAids/nnc-rb/ldpd_5685745_ead.xml
fn: /data/source/findingAids/nnc-rb/ldpd_6910698_ead.xml
fn: /data/source/findingAids/nnc-rb/ldpd_4079368_ead.xml
fn: /data/source/findingAids/nnc-rb/ldpd_4079583_ead.xml
fn: /data/source/findingAids/nnc-rb/ldpd_4079663_ead.xml
fn: /data/source/findingAids/nnc-rb/ldpd_4079048_ead.xml
fn: /data/source/findingAids/nnc-rb/ldpd_4078722_ead.xml
fn: /data/source/findingAids/nnc-rb/ldpd_5712491_ead.xml
fn: /data/source/findingAids/nnc-rb/ldpd_4078729_ead.xml
fn: /data/source/findingAids/nnc-rb/ldpd_4079154_ead.xml
fn: /data/source/findingAids/nnc-rb/ldpd_4079642_ead.xml
fn: /data/source/findingAids/nnc-rb/ldpd_4078533_ead.xml
fn: /data/source/findingAids/nnc-rb/ldpd_4078611_ead.xml
fn: /data/source/findingAids/nnc-rb/ldpd_4079214_ead.xml
fn: /data/source/findingAids/nnc-rb/ldpd_7583223_ead.xml
fn: /data/source/findingAids/nnc-rb/ldpd_4078804_ead.xml
fn: /data/source/findingAids/nnc-rb/ldpd_4079066_ead.xml
fn: /data/source/findingAids/nnc-rb/ldpd_4079626_ead.xml
fn: /data/source/findingAids/nnc-rb/ldpd_5540444_ead.xml
fn: /data/source/findingAids/nnc-rb/ldpd_4078767_ead.xml
fn: /data/source/findingAids/nnc-rb/ldpd_4079656_ead.xml
fn: /data/source/findingAids/nnc-rb/ldpd_4078662_ead.xml
fn: /data/source/findingAids/nnc-rb/ldpd_4078932_ead.xml
fn: /data/source/findingAids/nnc-rb/ldpd_4078070_ead.xml
fn: /data/source/findingAids/nnc-rb/ldpd_5420059_ead.xml
fn: /data/source/findingAids/nnc-rb/ldpd_4078652_ead.xml
fn: /data/source/findingAids/nnc-rb/ldpd_4079084_ead.xml
fn: /data/source/findingAids/nnc-rb/ldpd_4078912_ead.xml
fn: /data/source/findingAids/nnc-rb/ldpd_4078661_ead.xml
fn: /data/source/findingAids/nnc-rb/ldpd_4079053_ead.xml
fn: /data/source/findingAids/nnc-rb/ldpd_4079511_ead.xml
fn: /data/source/findingAids/nnc-rb/ldpd_4079229_ead.xml
fn: /data/source/findingAids/nnc-rb/ldpd_4078367_ead.xml
fn: /data/source/findingAids/nnc-rb/ldpd_4078408_ead.xml
fn: /data/source/findingAids/nnc-rb/ldpd_4078782_ead.xml
fn: /data/source/findingAids/nnc-rb/ldpd_4223520_ead.xml
fn: /data/source/findingAids/nnc-rb/ldpd_4079190_ead.xml
fn: /data/source/findingAids/nnc-rb/ldpd_4078720_ead.xml
fn: /data/source/findingAids/nnc-rb/ldpd_4079313_ead.xml
fn: /data/source/findingAids/nnc-rb/ldpd_4078513_ead.xml
fn: /data/source/findingAids/nnc-rb/ldpd_4078732_ead.xml
fn: /data/source/findingAids/nnc-rb/ldpd_4078772_ead.xml
fn: /data/source/findingAids/nnc-rb/ldpd_6340435_ead.xml
fn: /data/source/findingAids/nnc-rb/ldpd_4079808_ead.xml
fn: /data/source/findingAids/nnc-rb/ldpd_4079014_ead.xml
fn: /data/source/findingAids/nnc-rb/ldpd_6909782_ead.xml
fn: /data/source/findingAids/nnc-rb/ldpd_4078361_ead.xml
fn: /data/source/findingAids/nnc-rb/ldpd_4078576_ead.xml
fn: /data/source/findingAids/nnc-rb/ldpd_4079263_ead.xml
fn: /data/source/findingAids/nnc-rb/ldpd_5420132_ead.xml
fn: /data/source/findingAids/nnc-rb/ldpd_4079751_ead.xml
fn: /data/source/findingAids/nnc-rb/ldpd_6607719_ead.xml
fn: /data/source/findingAids/nnc-rb/ldpd_4079146_ead.xml
fn: /data/source/findingAids/nnc-rb/ldpd_4078805_ead.xml
fn: /data/source/findingAids/nnc-rb/ldpd_4079538_ead.xml
fn: /data/source/findingAids/nnc-rb/ldpd_4078818_ead.xml
fn: /data/source/findingAids/nnc-rb/ldpd_4078384_ead.xml
fn: /data/source/findingAids/nnc-rb/ldpd_4079915_ead.xml
fn: /data/source/findingAids/nnc-rb/ldpd_6749110_ead.xml
fn: /data/source/findingAids/nnc-rb/ldpd_4078716_ead.xml
fn: /data/source/findingAids/nnc-rb/ldpd_4078412_ead.xml
fn: /data/source/findingAids/nnc-rb/ldpd_9025181_ead.xml
fn: /data/source/findingAids/nnc-rb/ldpd_4078688_ead.xml
fn: /data/source/findingAids/nnc-rb/ldpd_4079226_ead.xml
fn: /data/source/findingAids/nnc-rb/ldpd_4079423_ead.xml
fn: /data/source/findingAids/nnc-rb/ldpd_7094252_ead.xml
fn: /data/source/findingAids/nnc-rb/ldpd_4079812_ead.xml
fn: /data/source/findingAids/nnc-rb/ldpd_6259383_ead.xml
fn: /data/source/findingAids/nnc-rb/ldpd_4079737_ead.xml
fn: /data/source/findingAids/nnc-rb/ldpd_4078589_ead.xml
fn: /data/source/findingAids/nnc-rb/ldpd_4078877_ead.xml
fn: /data/source/findingAids/nnc-rb/ldpd_4078419_ead.xml
fn: /data/source/findingAids/nnc-rb/ldpd_4078547_ead.xml
fn: /data/source/findingAids/nnc-rb/ldpd_4078745_ead.xml
fn: /data/source/findingAids/nnc-rb/ldpd_4079730_ead.xml
fn: /data/source/findingAids/nnc-rb/ldpd_7341105_ead.xml
fn: /data/source/findingAids/nnc-rb/ldpd_4078556_ead.xml
fn: /data/source/findingAids/nnc-rb/ldpd_4078540_ead.xml
fn: /data/source/findingAids/nnc-rb/ldpd_4078516_ead.xml
fn: /data/source/findingAids/nnc-rb/ldpd_6911127_ead.xml
fn: /data/source/findingAids/nnc-rb/ldpd_4078710_ead.xml
fn: /data/source/findingAids/nnc-rb/ldpd_4078355_ead.xml
fn: /data/source/findingAids/nnc-rb/ldpd_5420150_ead.xml
fn: /data/source/findingAids/nnc-rb/ldpd_4078372_ead.xml
fn: /data/source/findingAids/nnc-rb/ldpd_6620304_ead.xml
fn: /data/source/findingAids/nnc-rb/ldpd_8720686_ead.xml
fn: /data/source/findingAids/nnc-rb/ldpd_4078385_ead.xml
fn: /data/source/findingAids/nnc-rb/ldpd_4079115_ead.xml
fn: /data/source/findingAids/nnc-rb/ldpd_6915026_ead.xml
fn: /data/source/findingAids/nnc-rb/ldpd_9286883_ead.xml
fn: /data/source/findingAids/nnc-rb/ldpd_4079554_ead.xml
fn: /data/source/findingAids/nnc-rb/ldpd_4079259_ead.xml
fn: /data/source/findingAids/nnc-rb/ldpd_4078792_ead.xml
fn: /data/source/findingAids/nnc-rb/ldpd_4079544_ead.xml
fn: /data/source/findingAids/nnc-rb/ldpd_4079300_ead.xml
fn: /data/source/findingAids/nnc-rb/ldpd_6894663_ead.xml
fn: /data/source/findingAids/nnc-rb/ldpd_4078574_ead.xml
fn: /data/source/findingAids/nnc-rb/ldpd_4079664_ead.xml
fn: /data/source/findingAids/nnc-rb/ldpd_4079643_ead.xml
fn: /data/source/findingAids/nnc-rb/ldpd_4079212_ead.xml
fn: /data/source/findingAids/nnc-rb/ldpd_4079018_ead.xml
fn: /data/source/findingAids/nnc-rb/ldpd_4079308_ead.xml
fn: /data/source/findingAids/nnc-rb/ldpd_4079747_ead.xml
fn: /data/source/findingAids/nnc-rb/ldpd_4079659_ead.xml
fn: /data/source/findingAids/nnc-rb/ldpd_6381639_ead.xml
fn: /data/source/findingAids/nnc-rb/ldpd_6909763_ead.xml
fn: /data/source/findingAids/nnc-rb/ldpd_4079501_ead.xml
fn: /data/source/findingAids/nnc-rb/ldpd_7447714_ead.xml
fn: /data/source/findingAids/nnc-rb/ldpd_7745809_ead.xml
fn: /data/source/findingAids/nnc-rb/ldpd_4078743_ead.xml
fn: /data/source/findingAids/nnc-rb/ldpd_6906282_ead.xml
fn: /data/source/findingAids/nnc-rb/ldpd_4078435_ead.xml
fn: /data/source/findingAids/nnc-rb/ldpd_7756884_ead.xml
fn: /data/source/findingAids/nnc-rb/ldpd_8040826_ead.xml
fn: /data/source/findingAids/nnc-rb/ldpd_9051624_ead.xml
fn: /data/source/findingAids/nnc-rb/ldpd_6378034_ead.xml
fn: /data/source/findingAids/nnc-rb/ldpd_4078447_ead.xml
fn: /data/source/findingAids/nnc-rb/ldpd_4078915_ead.xml
fn: /data/source/findingAids/nnc-rb/ldpd_4078375_ead.xml
fn: /data/source/findingAids/nnc-rb/ldpd_4079228_ead.xml
fn: /data/source/findingAids/nnc-rb/ldpd_6621724_ead.xml
fn: /data/source/findingAids/nnc-rb/ldpd_4079884_ead.xml
fn: /data/source/findingAids/nnc-rb/ldpd_4079628_ead.xml
fn: /data/source/findingAids/nnc-rb/ldpd_4079509_ead.xml
fn: /data/source/findingAids/nnc-rb/ldpd_4079553_ead.xml
fn: /data/source/findingAids/nnc-rb/ldpd_4079645_ead.xml
fn: /data/source/findingAids/nnc-rb/ldpd_4078881_ead.xml
fn: /data/source/findingAids/nnc-rb/ldpd_7749013_ead.xml
fn: /data/source/findingAids/nnc-rb/ldpd_4078843_ead.xml
fn: /data/source/findingAids/nnc-rb/ldpd_4079159_ead.xml
fn: /data/source/findingAids/nnc-rb/ldpd_4079920_ead.xml
fn: /data/source/findingAids/nnc-rb/ldpd_6984852_ead.xml
fn: /data/source/findingAids/nnc-rb/ldpd_4078675_ead.xml
fn: /data/source/findingAids/nnc-rb/ldpd_7831955_ead.xml
fn: /data/source/findingAids/nnc-rb/ldpd_4079170_ead.xml
fn: /data/source/findingAids/nnc-rb/ldpd_6217608_ead.xml
fn: /data/source/findingAids/nnc-rb/ldpd_4079198_ead.xml
fn: /data/source/findingAids/nnc-rb/ldpd_8858227_ead.xml
fn: /data/source/findingAids/nnc-rb/ldpd_4079049_ead.xml
fn: /data/source/findingAids/nnc-rb/ldpd_5012593_ead.xml
fn: /data/source/findingAids/nnc-rb/ldpd_4078522_ead.xml
fn: /data/source/findingAids/nnc-rb/ldpd_4079232_ead.xml
fn: /data/source/findingAids/nnc-rb/ldpd_6910705_ead.xml
fn: /data/source/findingAids/nnc-rb/ldpd_4079242_ead.xml
fn: /data/source/findingAids/nnc-rb/ldpd_4078386_ead.xml
fn: /data/source/findingAids/nnc-rb/ldpd_4078774_ead.xml
fn: /data/source/findingAids/nnc-rb/ldpd_4079354_ead.xml
fn: /data/source/findingAids/nnc-rb/ldpd_4079713_ead.xml
fn: /data/source/findingAids/nnc-rb/ldpd_4079301_ead.xml
fn: /data/source/findingAids/nnc-rb/ldpd_4078578_ead.xml
fn: /data/source/findingAids/nnc-rb/ldpd_6619504_ead.xml
fn: /data/source/findingAids/nnc-rb/ldpd_4078566_ead.xml
fn: /data/source/findingAids/nnc-rb/ldpd_4079041_ead.xml
fn: /data/source/findingAids/nnc-rb/ldpd_4078422_ead.xml
fn: /data/source/findingAids/nnc-rb/ldpd_6913670_ead.xml
fn: /data/source/findingAids/nnc-rb/ldpd_6093730_ead.xml
fn: /data/source/findingAids/nnc-rb/ldpd_4078858_ead.xml
fn: /data/source/findingAids/nnc-rb/ldpd_4079732_ead.xml
fn: /data/source/findingAids/nnc-rb/ldpd_4079561_ead.xml
fn: /data/source/findingAids/nnc-rb/ldpd_7748599_ead.xml
fn: /data/source/findingAids/nnc-rb/ldpd_6134809_ead.xml
fn: /data/source/findingAids/nnc-rb/ldpd_4078775_ead.xml
fn: /data/source/findingAids/nnc-rb/ldpd_4078060_ead.xml
fn: /data/source/findingAids/nnc-rb/ldpd_4079401_ead.xml
fn: /data/source/findingAids/nnc-rb/ldpd_4078649_ead.xml
fn: /data/source/findingAids/nnc-rb/ldpd_4078788_ead.xml
fn: /data/source/findingAids/nnc-rb/ldpd_4079125_ead.xml
fn: /data/source/findingAids/nnc-rb/ldpd_4079120_ead.xml
fn: /data/source/findingAids/nnc-rb/ldpd_6910556_ead.xml
fn: /data/source/findingAids/nnc-rb/ldpd_4079633_ead.xml
fn: /data/source/findingAids/nnc-rb/ldpd_4078598_ead.xml
fn: /data/source/findingAids/nnc-rb/ldpd_4079918_ead.xml
fn: /data/source/findingAids/nnc-rb/ldpd_4079388_ead.xml
fn: /data/source/findingAids/nnc-rb/ldpd_7468840_ead.xml
fn: /data/source/findingAids/nnc-rb/ldpd_6892024_ead.xml
fn: /data/source/findingAids/nnc-rb/ldpd_4078681_ead.xml
fn: /data/source/findingAids/nnc-rb/ldpd_4079161_ead.xml
fn: /data/source/findingAids/nnc-rb/ldpd_5321412_ead.xml
fn: /data/source/findingAids/nnc-rb/ldpd_4079821_ead.xml
fn: /data/source/findingAids/nnc-rb/ldpd_6909494_ead.xml
fn: /data/source/findingAids/nnc-rb/ldpd_4079433_ead.xml
fn: /data/source/findingAids/nnc-rb/ldpd_7469749_ead.xml
fn: /data/source/findingAids/nnc-rb/ldpd_4078654_ead.xml
fn: /data/source/findingAids/nnc-rb/ldpd_4079307_ead.xml
fn: /data/source/findingAids/nnc-rb/ldpd_4079278_ead.xml
fn: /data/source/findingAids/nnc-rb/ldpd_9025420_ead.xml
fn: /data/source/findingAids/nnc-rb/ldpd_4079731_ead.xml
fn: /data/source/findingAids/nnc-rb/ldpd_6865079_ead.xml
fn: /data/source/findingAids/nnc-rb/ldpd_5419398_ead.xml
fn: /data/source/findingAids/nnc-rb/ldpd_6910692_ead.xml
fn: /data/source/findingAids/nnc-rb/ldpd_4079103_ead.xml
fn: /data/source/findingAids/nnc-rb/ldpd_4078528_ead.xml
fn: /data/source/findingAids/nnc-rb/ldpd_4079527_ead.xml
fn: /data/source/findingAids/nnc-rb/ldpd_4079309_ead.xml
fn: /data/source/findingAids/nnc-rb/ldpd_4079816_ead.xml
fn: /data/source/findingAids/nnc-rb/ldpd_4079034_ead.xml
fn: /data/source/findingAids/nnc-rb/ldpd_4078786_ead.xml
fn: /data/source/findingAids/nnc-rb/ldpd_6799283_ead.xml
fn: /data/source/findingAids/nnc-rb/ldpd_4078684_ead.xml
fn: /data/source/findingAids/nnc-rb/ldpd_4079558_ead.xml
fn: /data/source/findingAids/nnc-rb/ldpd_7971726_ead.xml
fn: /data/source/findingAids/nnc-rb/ldpd_8339283_ead.xml
fn: /data/source/findingAids/nnc-rb/ldpd_4078530_ead.xml
fn: /data/source/findingAids/nnc-rb/ldpd_4078986_ead.xml
fn: /data/source/findingAids/nnc-rb/ldpd_4079675_ead.xml
fn: /data/source/findingAids/nnc-rb/ldpd_6910099_ead.xml
fn: /data/source/findingAids/nnc-rb/ldpd_4079484_ead.xml
fn: /data/source/findingAids/nnc-rb/ldpd_4078887_ead.xml
fn: /data/source/findingAids/nnc-rb/ldpd_4079683_ead.xml
fn: /data/source/findingAids/nnc-rb/ldpd_9576474_ead.xml
fn: /data/source/findingAids/nnc-rb/ldpd_6058659_ead.xml
fn: /data/source/findingAids/nnc-rb/ldpd_4079650_ead.xml
fn: /data/source/findingAids/nnc-rb/ldpd_4078645_ead.xml
fn: /data/source/findingAids/nnc-rb/ldpd_4078610_ead.xml
fn: /data/source/findingAids/nnc-rb/ldpd_4079379_ead.xml
fn: /data/source/findingAids/nnc-rb/ldpd_4078838_ead.xml
fn: /data/source/findingAids/nnc-rb/ldpd_4078938_ead.xml
fn: /data/source/findingAids/nnc-rb/ldpd_4078869_ead.xml
fn: /data/source/findingAids/nnc-rb/ldpd_4078828_ead.xml
fn: /data/source/findingAids/nnc-rb/ldpd_4078343_ead.xml
fn: /data/source/findingAids/nnc-rb/ldpd_4079006_ead.xml
fn: /data/source/findingAids/nnc-rb/ldpd_7467251_ead.xml
fn: /data/source/findingAids/nnc-rb/ldpd_4079316_ead.xml
fn: /data/source/findingAids/nnc-rb/ldpd_4079686_ead.xml
fn: /data/source/findingAids/nnc-rb/ldpd_4079802_ead.xml
fn: /data/source/findingAids/nnc-rb/ldpd_4078697_ead.xml
fn: /data/source/findingAids/nnc-rb/ldpd_4078380_ead.xml
fn: /data/source/findingAids/nnc-rb/ldpd_4078617_ead.xml
fn: /data/source/findingAids/nnc-rb/ldpd_6260282_ead.xml
fn: /data/source/findingAids/nnc-rb/ldpd_4078882_ead.xml
fn: /data/source/findingAids/nnc-rb/ldpd_4079641_ead.xml
fn: /data/source/findingAids/nnc-rb/ldpd_4078756_ead.xml
fn: /data/source/findingAids/nnc-rb/ldpd_4079387_ead.xml
fn: /data/source/findingAids/nnc-rb/ldpd_4078972_ead.xml
fn: /data/source/findingAids/nnc-rb/ldpd_4078559_ead.xml
fn: /data/source/findingAids/nnc-rb/ldpd_4078561_ead.xml
fn: /data/source/findingAids/nnc-rb/ldpd_4078425_ead.xml
fn: /data/source/findingAids/nnc-rb/ldpd_4079627_ead.xml
fn: /data/source/findingAids/nnc-rb/ldpd_4078982_ead.xml
fn: /data/source/findingAids/nnc-rb/ldpd_6913793_ead.xml
fn: /data/source/findingAids/nnc-rb/ldpd_4077412_ead.xml
fn: /data/source/findingAids/nnc-rb/ldpd_4078769_ead.xml
fn: /data/source/findingAids/nnc-rb/ldpd_4079459_ead.xml
fn: /data/source/findingAids/nnc-rb/ldpd_4079208_ead.xml
fn: /data/source/findingAids/nnc-rb/ldpd_4078866_ead.xml
fn: /data/source/findingAids/nnc-rb/ldpd_4079830_ead.xml
fn: /data/source/findingAids/nnc-rb/ldpd_5644162_ead.xml
fn: /data/source/findingAids/nnc-rb/ldpd_4078849_ead.xml
fn: /data/source/findingAids/nnc-rb/ldpd_8429461_ead.xml
fn: /data/source/findingAids/nnc-rb/ldpd_4079299_ead.xml
fn: /data/source/findingAids/nnc-rb/ldpd_4079192_ead.xml
fn: /data/source/findingAids/nnc-rb/ldpd_4078429_ead.xml
fn: /data/source/findingAids/nnc-rb/ldpd_4078544_ead.xml
fn: /data/source/findingAids/nnc-rb/ldpd_8973986_ead.xml
fn: /data/source/findingAids/nnc-rb/ldpd_4079519_ead.xml
fn: /data/source/findingAids/nnc-rb/ldpd_4079249_ead.xml
fn: /data/source/findingAids/nnc-rb/ldpd_4079398_ead.xml
fn: /data/source/findingAids/nnc-rb/ldpd_4078587_ead.xml
fn: /data/source/findingAids/nnc-rb/ldpd_4079099_ead.xml
fn: /data/source/findingAids/nnc-rb/ldpd_4078453_ead.xml
fn: /data/source/findingAids/nnc-rb/ldpd_8857048_ead.xml
fn: /data/source/findingAids/nnc-rb/ldpd_4078613_ead.xml
fn: /data/source/findingAids/nnc-rb/ldpd_4078683_ead.xml
fn: /data/source/findingAids/nnc-rb/ldpd_4079762_ead.xml
fn: /data/source/findingAids/nnc-rb/ldpd_4078750_ead.xml
fn: /data/source/findingAids/nnc-rb/ldpd_6909765_ead.xml
fn: /data/source/findingAids/nnc-rb/ldpd_4078651_ead.xml
fn: /data/source/findingAids/nnc-rb/ldpd_4079653_ead.xml
fn: /data/source/findingAids/nnc-rb/ldpd_5018097_ead.xml
fn: /data/source/findingAids/nnc-rb/ldpd_4079462_ead.xml
fn: /data/source/findingAids/nnc-rb/ldpd_6340481_ead.xml
fn: /data/source/findingAids/nnc-rb/ldpd_7818783_ead.xml
fn: /data/source/findingAids/nnc-rb/ldpd_4078739_ead.xml
fn: /data/source/findingAids/nnc-rb/ldpd_4079151_ead.xml
fn: /data/source/findingAids/nnc-rb/ldpd_4079576_ead.xml
fn: /data/source/findingAids/nnc-rb/ldpd_4078210_ead.xml
fn: /data/source/findingAids/nnc-rb/ldpd_4078588_ead.xml
fn: /data/source/findingAids/nnc-rb/ldpd_6915380_ead.xml
fn: /data/source/findingAids/nnc-rb/ldpd_4079025_ead.xml
fn: /data/source/findingAids/nnc-rb/ldpd_4078580_ead.xml
fn: /data/source/findingAids/nnc-rb/ldpd_4078994_ead.xml
fn: /data/source/findingAids/nnc-rb/ldpd_6262245_ead.xml
fn: /data/source/findingAids/nnc-rb/ldpd_4078627_ead.xml
fn: /data/source/findingAids/nnc-rb/ldpd_4078822_ead.xml
fn: /data/source/findingAids/nnc-rb/ldpd_4078369_ead.xml
fn: /data/source/findingAids/nnc-rb/ldpd_4079451_ead.xml
fn: /data/source/findingAids/nnc-rb/ldpd_4078433_ead.xml
fn: /data/source/findingAids/nnc-rb/ldpd_4079697_ead.xml
fn: /data/source/findingAids/nnc-rb/ldpd_4078687_ead.xml
fn: /data/source/findingAids/nnc-rb/ldpd_6915494_ead.xml
fn: /data/source/findingAids/nnc-rb/ldpd_4079022_ead.xml
fn: /data/source/findingAids/nnc-rb/ldpd_5644461_ead.xml
fn: /data/source/findingAids/nnc-rb/ldpd_4079644_ead.xml
fn: /data/source/findingAids/nnc-rb/ldpd_4079630_ead.xml
fn: /data/source/findingAids/nnc-rb/ldpd_4078389_ead.xml
fn: /data/source/findingAids/nnc-rb/ldpd_4079832_ead.xml
fn: /data/source/findingAids/nnc-rb/ldpd_4078601_ead.xml
fn: /data/source/findingAids/nnc-rb/ldpd_4079758_ead.xml
fn: /data/source/findingAids/nnc-rb/ldpd_4079547_ead.xml
fn: /data/source/findingAids/nnc-rb/ldpd_6892031_ead.xml
fn: /data/source/findingAids/nnc-rb/ldpd_4078568_ead.xml
fn: /data/source/findingAids/nnc-rb/ldpd_4079172_aed.xml
fn: /data/source/findingAids/nnc-rb/ldpd_4079353_ead.xml
fn: /data/source/findingAids/nnc-rb/ldpd_8328524_ead.xml
fn: /data/source/findingAids/nnc-rb/ldpd_4078604_ead.xml
fn: /data/source/findingAids/nnc-rb/ldpd_4078950_ead.xml
fn: /data/source/findingAids/nnc-rb/ldpd_9681555_ead.xml
fn: /data/source/findingAids/nnc-rb/ldpd_4078947_ead.xml
fn: /data/source/findingAids/nnc-rb/ldpd_4078452_ead.xml
fn: /data/source/findingAids/nnc-rb/ldpd_4079522_ead.xml
fn: /data/source/findingAids/nnc-rb/ldpd_4079365_ead.xml
fn: /data/source/findingAids/nnc-rb/ldpd_6761350_ead.xml
fn: /data/source/findingAids/nnc-rb/ldpd_9472267_ead.xml
fn: /data/source/findingAids/nnc-rb/ldpd_4078579_ead.xml
fn: /data/source/findingAids/nnc-rb/ldpd_4079322_ead.xml
fn: /data/source/findingAids/nnc-rb/ldpd_6269848_ead.xml
fn: /data/source/findingAids/nnc-rb/ldpd_4078489_ead.xml
fn: /data/source/findingAids/nnc-rb/ldpd_4079503_ead.xml
fn: /data/source/findingAids/nnc-rb/ldpd_4078666_ead.xml
fn: /data/source/findingAids/nnc-rb/ldpd_8386417_ead.xml
fn: /data/source/findingAids/nnc-rb/ldpd_4078348_ead.xml
fn: /data/source/findingAids/nnc-rb/ldpd_4078715_ead.xml
fn: /data/source/findingAids/nnc-rb/ldpd_4078358_ead.xml
fn: /data/source/findingAids/nnc-rb/ldpd_4079512_ead.xml
fn: /data/source/findingAids/nnc-rb/ldpd_4077771_ead.xml
fn: /data/source/findingAids/nnc-rb/ldpd_4079449_ead.xml
fn: /data/source/findingAids/nnc-rb/ldpd_5420020_ead.xml
fn: /data/source/findingAids/nnc-rb/ldpd_4078446_ead.xml
fn: /data/source/findingAids/nnc-rb/ldpd_6892009_ead.xml
fn: /data/source/findingAids/nnc-rb/ldpd_4078977_ead.xml
fn: /data/source/findingAids/nnc-rb/ldpd_4079900_ead.xml
fn: /data/source/findingAids/nnc-rb/ldpd_4079733_ead.xml
fn: /data/source/findingAids/nnc-rb/ldpd_4079290_ead.xml
fn: /data/source/findingAids/nnc-rb/ldpd_9577639_ead.xml
fn: /data/source/findingAids/nnc-rb/ldpd_4079892_ead.xml
fn: /data/source/findingAids/nnc-rb/ldpd_6898059_ead.xml
fn: /data/source/findingAids/nnc-rb/ldpd_4078388_ead.xml
fn: /data/source/findingAids/nnc-rb/ldpd_4078698_ead.xml
fn: /data/source/findingAids/nnc-rb/ldpd_4079350_ead.xml
fn: /data/source/findingAids/nnc-rb/ldpd_6930622_ead.xml
fn: /data/source/findingAids/nnc-rb/ldpd_4079326_ead.xml
fn: /data/source/findingAids/nnc-rb/ldpd_4078664_ead.xml
fn: /data/source/findingAids/nnc-rb/ldpd_4078648_ead.xml
fn: /data/source/findingAids/nnc-rb/ldpd_9746888_ead.xml
fn: /data/source/findingAids/nnc-rb/ldpd_4078690_ead.xml
fn: /data/source/findingAids/nnc-rb/ldpd_4079473_ead.xml
fn: /data/source/findingAids/nnc-rb/ldpd_6796315_ead.xml
fn: /data/source/findingAids/nnc-rb/ldpd_4079541_ead.xml
fn: /data/source/findingAids/nnc-rb/ldpd_9006537_ead.xml
fn: /data/source/findingAids/nnc-rb/ldpd_4079684_ead.xml
fn: /data/source/findingAids/nnc-rb/ldpd_6911309_ead.xml
fn: /data/source/findingAids/nnc-rb/ldpd_7885692_ead.xml
fn: /data/source/findingAids/nnc-rb/ldpd_4078724_ead.xml
fn: /data/source/findingAids/nnc-rb/ldpd_8683406_ead.xml
fn: /data/source/findingAids/nnc-rb/ldpd_4079440_ead.xml
fn: /data/source/findingAids/nnc-rb/ldpd_6297812_ead.xml
fn: /data/source/findingAids/nnc-rb/ldpd_4078600_ead.xml
fn: /data/source/findingAids/nnc-rb/ldpd_4079391_ead.xml
fn: /data/source/findingAids/nnc-rb/ldpd_4078679_ead.xml
fn: /data/source/findingAids/nnc-rb/ldpd_4078565_ead.xml
fn: /data/source/findingAids/nnc-rb/ldpd_4078990_ead.xml
fn: /data/source/findingAids/nnc-rb/ldpd_6881813_ead.xml
fn: /data/source/findingAids/nnc-rb/ldpd_6467565_ead.xml
fn: /data/source/findingAids/nnc-rb/ldpd_4078728_ead.xml
fn: /data/source/findingAids/nnc-rb/ldpd_4079341_ead.xml
fn: /data/source/findingAids/nnc-rb/__contents__.xml
fn: /data/source/findingAids/nnc-rb/ldpd_4078637_ead.xml
fn: /data/source/findingAids/nnc-rb/ldpd_4079521_ead.xml
fn: /data/source/findingAids/nnc-rb/ldpd_7459850_ead.xml
fn: /data/source/findingAids/nnc-rb/ldpd_4078458_ead.xml
fn: /data/source/findingAids/nnc-rb/ldpd_4078376_ead.xml
fn: /data/source/findingAids/nnc-rb/ldpd_4079362_ead.xml
fn: /data/source/findingAids/nnc-rb/styles/__contents__.xml
fn: /data/source/findingAids/nnc-rb/ldpd_4079487_ead.xml
fn: /data/source/findingAids/nnc-rb/ldpd_9707342_ead.xml
fn: /data/source/findingAids/nnc-rb/ldpd_4079814_ead.xml
fn: /data/source/findingAids/nnc-rb/ldpd_4079067_ead.xml
fn: /data/source/findingAids/nnc-rb/ldpd_4079590_ead.xml
fn: /data/source/findingAids/nnc-rb/ldpd_4077408_ead.xml
fn: /data/source/findingAids/nnc-rb/ldpd_4079284_ead.xml
fn: /data/source/findingAids/nnc-rb/ldpd_5802117_ead.xml
fn: /data/source/findingAids/nnc-rb/ldpd_6910238_ead.xml
fn: /data/source/findingAids/nnc-rb/ldpd_6909647_ead.xml
fn: /data/source/findingAids/nnc-rb/ldpd_7906287_ead.xml
fn: /data/source/findingAids/nnc-rb/ldpd_4079109_ead.xml
fn: /data/source/findingAids/nnc-rb/ldpd_6909466_ead.xml
fn: /data/source/findingAids/nnc-rb/ldpd_4079831_ead.xml
fn: /data/source/findingAids/nnc-rb/ldpd_4079136_ead.xml
fn: /data/source/findingAids/nnc-rb/ldpd_4079285_ead.xml
fn: /data/source/findingAids/nnc-rb/ldpd_4078413_ead.xml
fn: /data/source/findingAids/nnc-rb/ldpd_4078646_ead.xml
fn: /data/source/findingAids/nnc-rb/ldpd_4079677_ead.xml
fn: /data/source/findingAids/nnc-rb/ldpd_5010936_ead.xml
fn: /data/source/findingAids/nnc-rb/ldpd_4079185_ead.xml
fn: /data/source/findingAids/nnc-rb/ldpd_4078846_ead.xml
fn: /data/source/findingAids/nnc-rb/ldpd_4078512_ead.xml
fn: /data/source/findingAids/nnc-rb/ldpd_4079531_ead.xml
fn: /data/source/findingAids/nnc-rb/ldpd_4079637_ead.xml
fn: /data/source/findingAids/nnc-rb/ldpd_4078770_ead.xml
fn: /data/source/findingAids/nnc-rb/ldpd_4078599_ead.xml
fn: /data/source/findingAids/nnc-rb/ldpd_4079490_ead.xml
fn: /data/source/findingAids/nnc-rb/ldpd_4079682_ead.xml
fn: /data/source/findingAids/nnc-rb/ldpd_6856662_ead.xml
fn: /data/source/findingAids/nnc-rb/ldpd_4078423_ead.xml
fn: /data/source/findingAids/nnc-rb/ldpd_4079252_ead.xml
fn: /data/source/findingAids/nnc-rb/ldpd_5420146_ead.xml
fn: /data/source/findingAids/nnc-rb/ldpd_5012635_ead.xml
fn: /data/source/findingAids/nnc-rb/ldpd_4079425_ead.xml
fn: /data/source/findingAids/nnc-rb/ldpd_6933410_ead.xml
fn: /data/source/findingAids/nnc-rb/ldpd_4078773_ead.xml
fn: /data/source/findingAids/nnc-rb/ldpd_6256785_ead.xml
fn: /data/source/findingAids/nnc-rb/ldpd_4079917_ead.xml
fn: /data/source/findingAids/nnc-rb/ldpd_4079056_ead.xml
fn: /data/source/findingAids/nnc-rb/ldpd_4078585_ead.xml
fn: /data/source/findingAids/nnc-rb/ldpd_5706615_ead.xml
fn: /data/source/findingAids/nnc-rb/ldpd_5490814_ead.xml
fn: /data/source/findingAids/nnc-rb/ldpd_4079317_ead.xml
fn: /data/source/findingAids/nnc-rb/ldpd_4077838_ead.xml
fn: /data/source/findingAids/nnc-rb/ldpd_4078939_ead.xml
fn: /data/source/findingAids/nnc-rb/ldpd_9431071_ead.xml
fn: /data/source/findingAids/nnc-rb/ldpd_6913725_ead.xml
fn: /data/source/findingAids/nnc-rb/ldpd_7953908_ead.xml
fn: /data/source/findingAids/nnc-rb/ldpd_4079598_ead.xml
fn: /data/source/findingAids/nnc-rb/ldpd_4078535_ead.xml
fn: /data/source/findingAids/nnc-rb/ldpd_4079647_ead.xml
fn: /data/source/findingAids/nnc-rb/ldpd_5018084_ead.xml
fn: /data/source/findingAids/nnc-rb/ldpd_4078567_ead.xml
